<?xml version="1.0" encoding="UTF-8" ?>
<testsuite tests="3" failures="1" name="com.seleniumjavaFramework.testcases.Test_LoginTest" time="0.785" errors="0" skipped="2">
  <properties>
[...]
</properties>
  <testcase classname="com.seleniumjavaFramework.testcases.Test_LoginTest" name="setUp" time="0.782">
    <failure message="
Parameter &apos;browser&apos; is required by BeforeClass on method setUp but has not been marked @Optional or defined
" type="org.testng.TestNGException">org.testng.TestNGException: 
Parameter &apos;browser&apos; is required by BeforeClass on method setUp but has not been marked @Optional or defined

	at org.testng.internal.Parameters.createParams(Parameters.java:272)
	at org.testng.internal.Parameters.createParametersForMethod(Parameters.java:360)
	at org.testng.internal.Parameters.createParameters(Parameters.java:704)
	at org.testng.internal.Parameters.createConfigurationParameters(Parameters.java:166)
	at org.testng.internal.ConfigInvoker.invokeConfigurations(ConfigInvoker.java:283)
	at org.testng.internal.TestMethodWorker.invokeBeforeClassMethods(TestMethodWorker.java:176)
	at org.testng.internal.TestMethodWorker.run(TestMethodWorker.java:122)
	at java.util.ArrayList.forEach(ArrayList.java:1257)
	at org.testng.TestRunner.privateRun(TestRunner.java:766)
	at org.testng.TestRunner.run(TestRunner.java:587)
	at org.testng.SuiteRunner.runTest(SuiteRunner.java:384)
	at org.testng.SuiteRunner.runSequentially(SuiteRunner.java:378)
	at org.testng.SuiteRunner.privateRun(SuiteRunner.java:337)
	at org.testng.SuiteRunner.run(SuiteRunner.java:286)
	at org.testng.SuiteRunnerWorker.runSuite(SuiteRunnerWorker.java:53)
	at org.testng.SuiteRunnerWorker.run(SuiteRunnerWorker.java:96)
	at org.testng.TestNG.runSuitesSequentially(TestNG.java:1187)
	at org.testng.TestNG.runSuitesLocally(TestNG.java:1109)
	at org.testng.TestNG.runSuites(TestNG.java:1039)
	at org.testng.TestNG.run(TestNG.java:1007)
	at org.apache.maven.surefire.testng.TestNGExecutor.run(TestNGExecutor.java:77)
	at org.apache.maven.surefire.testng.TestNGDirectoryTestSuite.execute(TestNGDirectoryTestSuite.java:110)
	at org.apache.maven.surefire.testng.TestNGProvider.invoke(TestNGProvider.java:106)
	at sun.reflect.NativeMethodAccessorImpl.invoke0(Native Method)
	at sun.reflect.NativeMethodAccessorImpl.invoke(NativeMethodAccessorImpl.java:62)
	at sun.reflect.DelegatingMethodAccessorImpl.invoke(DelegatingMethodAccessorImpl.java:43)
	at java.lang.reflect.Method.invoke(Method.java:498)
	at org.apache.maven.surefire.util.ReflectionUtils.invokeMethodWithArray(ReflectionUtils.java:189)
	at org.apache.maven.surefire.booter.ProviderFactory$ProviderProxy.invoke(ProviderFactory.java:165)
	at org.apache.maven.surefire.booter.ProviderFactory.invokeProvider(ProviderFactory.java:85)
	at org.apache.maven.surefire.booter.ForkedBooter.runSuitesInProcess(ForkedBooter.java:115)
	at org.apache.maven.surefire.booter.ForkedBooter.main(ForkedBooter.java:75)
</failure>
    <system-out>Configuring TestNG with: org.apache.maven.surefire.testng.conf.TestNG652Configurator@27082746
</system-out>
  </testcase>
  <testcase classname="com.seleniumjavaFramework.testcases.Test_LoginTest" name="loginTest" time="0.001">
    <skipped/>
  </testcase>
  <testcase classname="com.seleniumjavaFramework.testcases.Test_LoginTest" name="tearDown" time="0.002">
    <skipped/>
  </testcase>
</testsuite>